<?xml version="1.0" encoding="UTF-8"?>
<!-- Generated by org.testng.reporters.JUnitReportReporter -->
<testsuite hostname="Malar" failures="0" tests="1" name="demo.adminwilltoken.tests.AdminLogintest" time="16.701" errors="0" timestamp="26 Jun 2018 00:14:42 GMT">
  <testcase classname="demo.adminwilltoken.tests.AdminLogintest" name="AdminLogin" time="16.701"/>
</testsuite> <!-- demo.adminwilltoken.tests.AdminLogintest -->
